<?xml version="1.0" encoding="UTF-8"?>
<!-- Generated by org.testng.reporters.JUnitReportReporter -->
<testsuite hostname="LAPTOP-7JLP9E2P" failures="0" tests="3" name="org.ict.testcases.AdminLoginTC" time="17.309" errors="0" timestamp="2024-06-10T18:33:14 IST" skipped="0">
  <testcase classname="org.ict.testcases.AdminLoginTC" name="invalidAdLogin" time="2.480"/>
  <system-out/>
  <testcase classname="org.ict.testcases.AdminLoginTC" name="blankAdLogin" time="1.294"/>
  <system-out/>
  <testcase classname="org.ict.testcases.AdminLoginTC" name="validAdLogin" time="13.535"/>
  <system-out/>
</testsuite> <!-- org.ict.testcases.AdminLoginTC -->
